<?xml version="1.0" encoding="UTF-8"?>
<!-- Generated by org.testng.reporters.JUnitReportReporter -->
<testsuite skipped="0" hostname="DESKTOP-CBTHPKT" name="actiTimeTest.ActiTimeHomeTest" tests="1" failures="0" timestamp="19 Aug 2018 10:17:44 GMT" time="15.862" errors="0">
  <testcase name="testLogout" time="15.862" classname="actiTimeTest.ActiTimeHomeTest"/>
</testsuite> <!-- actiTimeTest.ActiTimeHomeTest -->
